2022-07-04 23:20:39  [ main:0 ] - [ DEBUG ]  test demo
2022-07-06 23:44:49  [ main:0 ] - [ INFO ]  文件路径src/main/resources/repo
2022-07-06 23:44:49  [ main:385 ] - [ INFO ]  pull failure
2022-07-06 23:47:33  [ main:0 ] - [ INFO ]  文件路径src/main/resources/repo
2022-07-06 23:47:36  [ main:2452 ] - [ INFO ]  down success
2022-07-06 23:49:14  [ main:0 ] - [ INFO ]  文件路径src/main/resources/repo
2022-07-06 23:57:59  [ main:0 ] - [ INFO ]  文件路径src/main/resources/repo
2022-07-06 23:58:01  [ main:1347 ] - [ INFO ]  pull success
2022-07-06 23:58:04  [ main:0 ] - [ INFO ]  文件路径src/main/resources/repo
2022-07-06 23:58:06  [ main:1323 ] - [ INFO ]  pull success
2022-07-07 00:04:27  [ main:0 ] - [ INFO ]  文件路径src/main/resources/repo
2022-07-07 00:04:29  [ main:1447 ] - [ INFO ]  pull success
2022-07-07 00:04:34  [ main:0 ] - [ INFO ]  文件路径src/main/resources/repo
2022-07-07 00:04:35  [ main:1426 ] - [ INFO ]  pull success
2022-07-07 00:04:41  [ main:0 ] - [ INFO ]  文件路径src/main/resources/repo
2022-07-07 00:04:42  [ main:1433 ] - [ INFO ]  pull success
2022-07-07 00:04:52  [ main:0 ] - [ INFO ]  文件路径src/main/resources/repo
2022-07-07 00:04:54  [ main:1493 ] - [ INFO ]  pull success
2022-07-07 00:07:18  [ main:0 ] - [ INFO ]  文件路径src/main/resources/repo
2022-07-07 00:07:19  [ main:1352 ] - [ INFO ]  pull success
2022-07-07 00:08:17  [ main:0 ] - [ INFO ]  文件路径src/main/resources/repo
2022-07-07 00:08:19  [ main:1404 ] - [ INFO ]  pull success
2022-07-07 00:14:00  [ main:0 ] - [ INFO ]  文件路径src/main/resources/repo
2022-07-07 00:14:02  [ main:1729 ] - [ INFO ]  pull success
2022-07-07 00:17:31  [ main:0 ] - [ INFO ]  文件路径src/main/resources/repo
2022-07-07 00:17:32  [ main:1366 ] - [ INFO ]  pull success
